[    0.000000] Initializing cgrup bsys cus
    .0000]Intiliznggrup subss u
[  0000000] Iitlizin cou ssys puact
[    0.000000] Linux version 4.4.0-137-generic (buildd@lgw01-amd64-037) (gcc version 5.4.0 20160609 (Ubuntu 5.4.0-6ubuntu1~16.04.10) ) #163-Ubuntu SMP Mon Sep 24 13:14:43 UTC 2018 (Ubuntu 4.0-137.163geric 4.14)
[    0.00000] Command line: BOOT_IMAGE=/boot/vmlinuz-4.4.0-137-generic root=LABEL=cloudimg-rootfs ro console=tty1 console=ttyS0
[    0.000000] KERNEL supported cpus:
[    0.000000]   Intel GenuineIntel
[    0.000000]   AMD AuthenticAMD
[    0.000000]   Centaur CentaurHauls
[    0.000000] x86/fpu: xstate_offset[2]:  576, xstate_ses[2: 56
[    0.000000 x6/fpu Sportin XVEfetu 001: '87 floating point registers'
[    0.000000] x86/fpu: Supporting XSAVE feature 0x02: 'SSE registers'
[    0.00000] x6/fp: Supprtg XSAVfeature 0x04: 'AVX registers'
[    0.000000] x86/fpu: Enabled xstate features 0x7, context size is 832 bytes, using 'standard' format.
[    0.000000] e820: BIOS-provided physical RAMmap
[   0.000] BIS-20 [me 00000000000000-0x0000000009bff]usbl
[    00000] BIOS-e20 [em 000000000fc-0x000000009ffff rerved
[    .0000 BOS-e82 [mem 0x00000000000f0000-0x00000000000fffff] reserved
[    0.000000] BIOS-e820: [mem 0x0000000000100000-0x000000003ffefff] usale
[   0.0000] OSe820 [m 0x000003ff00-0000003fffffff AI data    0.00000]BI-e82: em 0000000fc000-0x00000fec00ffreseve
[   0.0000] IO-e820: [mem 00000000fe000-0x00000000fe00f] reserved
[    0.000000] BIOS-e820: [mem 0x00000000fffc0000-0x00000000fffffff] eserved
[  00000]NX (Execute Disable) protection: active
[    0.000000] SMBIOS 2.5 present.
[    0.000000] Hypervisor detected: KVM
[    0.000000] e820: last_pfn = 0x3fff0 max_arch_pfn = 0x400000000
[    0.000000] MTRR: Disabled
[    0.000000] x86/PAT: MTRRs disabled, skipping PAT initialization too.
[    0.000000] CPU MTRRs all blank - virtualized system.
[    0.000000] x86/PAT: Configuration [0-7]: WB  WT  UC- UC  WB  WT  UC- UC  
[    0.000000] found SMP MP-table at [mem 0x0009fff0-0x0009ffff] mapped at [ffff88000009fff0]
[    0.000000] Scanning 1 areas for low memory corruptio
[    0.000000] RAMDISK: [mem 0x3630e000-0x3717efff]
[   .000000] ACPI: Early table checksum verification disabled
[    0.000000] ACPI: RSDP 0x00000000000E0000 000024 (v02 VBOX  )
[    0.000000] ACPI: XSDT 0x00000000FFF3000003Cv0 VBOX   VBOXDT00000001 ASL  00000061)
[    0.000000] ACPI: FACP 0x0000000FF00F000F4 (v04 VBOX   VBOXFACP 00000001 ASL  00000061)
[    0.000000] ACPI: DSDT 000003FFF0470 0021FF (v02 VBOX   VBOXBIOS 0000002NT 20058)
[    0.000000] ACPI: FACS 0x000000003FFF0200 000040
[    0.000000] ACPI: FACS 0x000000003FFF0200 000040
[    0.000000] ACPI: APIC 0x000000003FFF0240 00005C (v02 VBOX   VBOXAPIC 00000001 ASL00000)
[    0.000] ACPI: DT0x000000FFF02A0 0001CC (v01 VBOX   VBOXCPUT 00000002 INTL 2000528)
[    0.000000] No NUMA configuration found
[    0.00000] Faking a noe t me 0x0000000000000-000000003feff]
  0.00000] NOE_DATA(0) allocated [mem 0x3ffeb000-0x3ffeffff]
[    0.000000] kvm-clock: Using msrs 4b564d01 and 4b564d00
[    0.000000] kvm-clock: cpu 0, msr 0:3ffe3001, primary cpu clock
[    0.000000] kvm-clock: using sched offsetof3358139 cycl
    0.000] closorc: m-lock mk:0xfffffffffff axcycs: 0x1cd44dfb m_idlens8859059183s
[   0.000000] Zone ranges:
[    0.000000]   DMA      [mem 0x0000000000001000-0x0000000000ffffff]
[    0.000000]   DMA32    [me 000000010000000x0000003ffff]
  0.0000   Nrm   emty
[    0.00000] Devic  mpty[   0.0000 Movblzoe ta forac node
[   0000000] rl memorynode rng
[    0.0000   node   0: [mem 0x0000000000001000-0x000000000009efff]
[    0.00000]  nod  : [mm 000000010000x00000003ffeffff]
[    0.0000] Initme sup nod 0[mm x0000000001000-x0000003feff]
[  0000000]CP: PM-Ter IO Port: 0x4008
[    0.000000] IOAPIC[0]: apic_id 2, version 32, address 0xfec00000, GSI 0-23
[    .0000]ACPI: INSRC_VR (us 0 bus_irq 0 global_irq 2 dfl dfl)
[    0.000000] ACPI: INT_SRC_OVR (bus 0 bus_irq 9 global_irq 9 low level)
[    0.000000] Using ACPI (MADT) for MP cnfurtion ifomation
  0.000000] smpboot: Allowing 2 CPUs, 0 hotplug CPUs
[    0.000000] PM: Registered nosave memory: [mem 0x00000000-0x00000ff]
[   000000] PM Risteednoave emy: [mem x09f000x009ffff]
[    0.000000] PM Rister nsave memry [mem x0a00000x0efff][    .0000] PM:Reisered nosave memory:[mm 0x00000-0x000fff]
[  0.000000] e820: [mem 0x40000000-0xfebfffff]availabe r PCdevices
[    00000] Boti paravirtualized krnl onKV
[    0.000] clocsoce: refine-jfies: mask:0xffffffax_cycles: xfffff, max_idl_n: 74551960211568 ns
[    0.000000] setup_percpu: NR_CPUS:512 nr_cpumask_bits:512 nr_cpu_ids:2 nr_node_ids:1
[    0.000000] PERCPU: Embedded 34 pages/cpu @ffff88003fc00000 s9960 r8192 314 u148576
[    0.0000]PVspinlock hah abe triis:25(ordr:0, 409 btes)
[  0.0000 Bult zonelists in Nodeorr,moily groin on. Tol pages: 279
[   0.000000] Policy zone: DMA32
[    0.000000] Kernel command line: BOO_IMAGE=bo/vmlinz-4.0-137-generic root=LABEL=cloudimg-rootfs ro console=tty1 console=ttyS0
[    0.000000] PID hash table entries: 4096 (order: 3, 32768 bytes)
[    0.000000] Memory: 997716K/1048120K available (8555K kernel code, 1314K rwdata, 4004K rodata, 1528K init, 1316K bss, 50404K reserved, 0K cma-reserved)
[    0.000000] SLUB: HWalign=64, Order=0-3, MinObjects=0, CPUs=2, Nodes=1
[    0.000000] Kernel/Use pge tables islaon: enbl
[    0.000000] Hierarchical RCU implementation.
[    0.000000] 	Build-time adjustment of leaf fanout to 64.
[    0.000000] 	RCU restricting CPUs from NR_CPUS=512 to nr_cpu_ids=2.
[    0.000000] RCU: Adjusting geometry for rcfaoutea=64nrpu_id=2[    0.0000] NRIRS:3324nrirqs:440 
    0.00000Conslecoour VGA+ 0x5
  0.000000] nsoe [tty1] enabd
[  .00000] nsole ttS0 enabled[   0.000000] tsc: Detected 1799.999 MHz processor
[   11.919853] Calibrating delay loop (skipped) preset value.. 3599.99 BogoMIPS (lpj=7199996)
[   12.027995] pid_max: default: 32768 minimum: 301
[   12.090154] ACPI: Core revision 20150930
[   12.108692] ACPI: 2 ACPI AML tables successfully acquired and loaded
[   12.110330] Security Framework initialized
[   12.111344] Yama: becoming mindful.
[   12.112276] AppArmor: AppArmor initialized
[   12.128045] Dentry cache hash table entries: 131072 (order: 8, 1048576 bytes)
[   12.197143] Inode-cache hash table entries: 65536 (order: 7, 524288 bytes)
[   12.326088] Mount-cache hash table entries: 2048 (order: 2, 16384 bytes)
[   12.395694] Mountpoint-cache hash table entries: 2048 (order: 2, 16384 bytes)
[   12.411101] Initializing cgroup subsys io
[   12.412209] Initializing cgroup subsys memory
[   12.430544] Initializing cgroup subsys devices
[   12.449559] Initializing cgroup subsys freezer
[   12.462533] Initializing cgroup subsys net_cls
[   12.474425] Initializing cgroup subsys perf_event
[   12.497972] Initializing cgroup subsys net_prio
[   12.499076] Initializing cgroup subsys hugetlb
[   12.500153] Initializing cgroup subsys pids
[   12.502215] mce: CPU supports 0 MCE banks
[   12.503429] Last level iTLB entries: 4KB 64, 2MB 8, 4MB 8
[   12.504803] Last level dTLB entries: 4KB 64, 2MB 0, 4MB 0, 1GB 4
[   12.520370] Spectre V2 : Mitigation: Full generic retpoline
[   12.598305] Spectre V2 : Spectre v2 mitigation: Speculation control IBPB not-supported IBRS not-supported
[   12.731021] Spectre V2 : Spectre v2 / SpectreRSB mitigation: Filling RSB on context switch
[   12.855622] Speculative Store Bypass: Vulnerable
[   12.939390] Freeing SMP alternatives memory: 32K
[   13.023695] ftrace: allocating 32265 entries in 127 pages
[   13.161203] smpboot: APIC(0) Converting physical 0 to logical package 0
[   13.168913] smpboot: Max logical packages: 1
[   13.187319] x2apic enabled
[   13.227119] Switched APIC routing to physical x2apic.
[   13.299800] ..TIMER: vector=0x30 apic1=0 pin1=2 apic2=-1 pin2=-1
[   13.506031] APIC calibration not consistent with PM-Timer: 101ms instead of 100ms
[   13.523430] APIC delta adjusted to PM-Timer: 6251836 (6326903)
[   13.525127] smpboot: CPU0: Intel(R) Core(TM) i5-5350U CPU @ 1.80GHz (family: 0x6, model: 0x3d, stepping: 0x4)
[   13.533244] Performance Events: unsupported p6 CPU model 61 no PMU driver, software events only.
[   13.588749] KVM setup paravirtual spinlock
[   13.595231] x86: Booting SMP configuration:
[   13.604001] .... node  #0, CPUs:      #1
[   13.605283] kvm-clock: cpu 1, msr 0:3ffe3041, secondary cpu clock
[   13.621438] mce: CPU supports 0 MCE banks
[   13.627359] x86: Booted up 1 node, 2 CPUs
[   13.631293] smpboot: Total of 2 processors activated (7199.99 BogoMIPS)
[   13.637203] devtmpfs: initialized
[   13.640776] evm: security.selinux
[   13.645153] evm: security.SMACK64
[   13.646136] evm: security.SMACK64EXEC
[   13.702192] evm: security.SMACK64TRANSMUTE
[   13.722421] evm: security.SMACK64MMAP
[   13.723364] evm: security.ima
[   13.730264] evm: security.capability
[   13.766226] clocksource: jiffies: mask: 0xffffffff max_cycles: 0xffffffff, max_idle_ns: 7645041785100000 ns
[   13.835209] futex hash table entries: 512 (order: 3, 32768 bytes)
[   13.837922] pinctrl core: initialized pinctrl subsystem
[   13.839518] RTC time: 18:15:03, date: 10/15/18
[   13.870427] NET: Registered protocol family 16
[   13.926267] cpuidle: using governor ladder
[   13.938837] cpuidle: using governor menu
[   13.954656] PCCT header not found.
[   13.983745] ACPI: bus type PCI registered
[   14.023962] acpiphp: ACPI Hot Plug PCI Controller Driver version: 0.5
[   14.045739] PCI: Using configuration type 1 for base access
[   14.060234] ACPI: Added _OSI(Module Device)
[   14.091974] ACPI: Added _OSI(Processor Device)
[   14.122234] ACPI: Added _OSI(3.0 _SCP Extensions)
[   14.158662] ACPI: Added _OSI(Processor Aggregator Device)
[   14.211075] ACPI: Executed 1 blocks of module-level executable AML code
[   14.268190] ACPI: Interpreter enabled
[   14.308281] ACPI: (supports S0 S5)
[   14.325713] ACPI: Using IOAPIC for interrupt routing
[   14.332892] PCI: Using host bridge windows from ACPI; if necessary, use "pci=nocrs" and report a bug
[   14.385550] ACPI: PCI Root Bridge [PCI0] (domain 0000 [bus 00-ff])
[   14.418718] acpi PNP0A03:00: _OSC: OS supports [ASPM ClockPM Segments MSI]
[   14.472554] acpi PNP0A03:00: _OSC: noo requesting OS control; OS requires [ExtendedConfig ASPM ClockPM MSI]
[   14.533024] acpi PNP0A03:00: fail to add MMCONFIG information, can't access extended PCI configuration space under this bridge.
[   14.541742] PCI host bridge to bus 0000:00
[   14.545126] pci_bus 0000:00: root bus resource [io  0x0000-0x0cf7 window]
[   14.556903] pci_bus 0000:00: root bus resource [io  0x0d00-0xffff window]
[   14.609377] pci_bus 0000:00: root bus resource [mem 0x000a0000-0x000bffff window]
[   14.679190] pci_bus 0000:00: root bus resource [mem 0x40000000-0xfdffffff window]
[   14.744322] pci_bus 0000:00: root bus resource [bus 00-ff]
[   14.801773] pci 0000:00:01.1: legacy IDE quirk: reg 0x10: [io  0x01f0-0x01f7]
[   14.875201] pci 0000:00:01.1: legacy IDE quirk: reg 0x14: [io  0x03f6]
[   14.921302] pci 0000:00:01.1: legacy IDE quirk: reg 0x18: [io  0x0170-0x0177]
[   14.976294] pci 0000:00:01.1: legacy IDE quirk: reg 0x1c: [io  0x0376]
[   15.013044] pci 0000:00:07.0: quirk: [io  0x4000-0x403f] claimed by PIIX4 ACPI
[   15.056770] pci 0000:00:07.0: quirk: [io  0x4100-0x410f] claimed by PIIX4 SMB
[   15.092676] ACPI: PCI Interrupt Link [LNKA] (IRQs 5 9 10 *11)
[   15.142507] ACPI: PCI Interrupt Link [LNKB] (IRQs 5 9 *10 11)
[   15.173741] ACPI: PCI Interrupt Link [LNKC] (IRQs 5 *9 10 11)
[   15.237643] ACPI: PCI Interrupt Link [LNKD] (IRQs 5 9 10 *11)
[   15.240990] ACPI: Enabled 2 GPEs in block 00 to 07
[   15.272718] vgaarb: setting as boot device: PCI:0000:00:02.0
[   15.319344] vgaarb: device added: PCI:0000:00:02.0,decodes=io+mem,owns=io+mem,locks=none
[   15.333408] vgaarb: loaded
[   15.353603] vgaarb: bridge control possible 0000:00:02.0
[   15.379006] SCSI subsystem initialized
[   15.414422] ACPI: bus type USB registered
[   15.452226] usbcore: registered new interface driver usbfs
[   15.505816] usbcore: registered new interface driver hub
[   15.562003] usbcore: registered new device driver usb
[   15.577334] PCI: Using ACPI for IRQ routing
[   15.615703] NetLabel: Initializing
[   15.644955] NetLabel:  domain hash size = 128
[   15.684320] NetLabel:  protocols = UNLABELED CIPSOv4
[   15.722337] NetLabel:  unlabeled traffic allowed by default
[   15.781110] amd_nb: Cannot enumerate AMD northbridges
[   15.825718] clocksource: Switched to clocksource kvm-clock
[ 15979]ppmo AArr ilysm abed[  16.47436] p: P PIint[ 16792]npPnAC: un3 vis
[   17.488108] clocksource: acpi_pm: mask: 0xffffff max_cycles: 0xffffff, max_idle_ns: 2085701024 ns
[   17.519599] NET: Registered protocol family 2
[   17.520831] TCP established hash table entries: 8192 (order: 4, 65536 bytes)
[   17.605300] TCP bind hash table entries: 8192 (order: 5, 131072 bytes)
[   17.686420] TCP: Hash tables configured (established 8192 bind 8192)
[   17.688566] UDP hash table entries: 512 (order: 2, 16384 bytes)
[   17.690592] UDP-Lite hash table entries: 512 (order: 2, 16384 bytes)
[   17.692772] NET: Registered protocol family 1
[   17.694427] pci 0000:00:00.0: Limiting direct PCI/PCI transfers
[   17.726008] pci 0000:00:01.0: Activating ISA DMA hang workarounds
[   17.727531] Unpacking initramfs...
[   18.012578] Freeing initrd memory: 14788K
[   18.067519] RAPL PMU detected, API unit is 2^-32 Joules, 4 fixed counters 10737418240 ms ovfl timer
[   18.231660] hw unit of domain pp0-core 2^-0 Joules
[   18.335852] hw unit of domain package 2^-0 Joules
[   18.416044] hw unit of domain dram 2^-0 Joules
[   18.449626] hw unit of domain pp1-gpu 2^-0 Joules
[   18.505806] platform rtc_cmos: registered platform RTC device (no PNP device found)
[   18.605464] Scanning for low memory corruption every 60 seconds
[   18.699030] audit: initializing netlink subsys (disabled)
[   18.748157] audit: type=2000 audit(1539627298.040:1): initialized
[   18.848633] Initialise system trusted keyring
[   18.884952] HugeTLB registered 2 MB page size, pre-allocated 0 pages
[   18928721] zbd: oadd

[   9.817]FSDi qtadqot_6.6.0
[   19.05] VFS: Duocae shabe tres51(order 0, 4096 bytes)
[   19.02854] tsc: Refined TSC cockoue alibraon18.3 Mz
[   19.502857] clocksource: tsc: mask: 0xffffffffffffffff max_cycles: 0x19f39bdc5bc, max_idle_ns: 440795207872 ns
[   20.604466] squashfs: version 4.0 (2009/01/31) Phillip Lougher
[   20.674922] fuse init (API version 7.23)
[   20.712013] Key type big_key registered
[   20.755420] Allocating IMA MOK and blacklist keyrings.
[   20.817040] Key type asymmetric registered
[   20.850618] Asymmetric key parser 'x509' registered
[   20.851833] Block layer SCSI generic (bsg) driver version 0.4 loaded (major 249)
[   20.853829] io scheduler noop registered
[   20.859447] io scheduler deadline registered (default)
[   20.905874] io scheduler cfq registered
[   20.939836] pci_hotplug: PCI Hot Plug PCI Core version: 0.5
[   20.941136] pciehp: PCI Express Hot Plug Controller Driver version: 0.4
[   20.962986] ACPI: AC Adapter [AC] (off-line)
[   20.998796] input: Power Button as /devices/LNXSYSTM:00/LNXPWRBN:00/input/input0
[   21.070616] ACPI: Power Button [PWRF]
[   21.106838] input: Sleep Button as /devices/LNXSYSTM:00/LNXSLPBN:00/input/input1
[   1.7061]ACI:le Bttn [SLPF]
[ 210689] GHS:ESis not enabled!

[   21.13] PIBaer Slo[B0]battery present)

[   2.2721] Seril:820/65 driver, 32 prt I sharngnaed

[   2.830 002ttS0at/Ox3 (q 4,ba_bud =1100is a 1655A
[   23.689118] Linux agpgart interface v0.103
[   23.728382] loop: module loaded
[   23.764023] scsi host0: ata_piix
[   23.845907] scsi host1: ata_piix
[   23.885295] ata1: PATA max UDMA/33 cmd 0x1f0 ctl 0x3f6 bmdma 0xd000 irq 14
[   23.920057] ata2: PATA max UDMA/33 cmd 0x170 ctl 0x376 bmdma 0xd008 irq 15
[   24.017707] libphy: Fixed MDIO Bus: probed
[   24.108367] tun: Universal TUN/TAP device driver, 1.6
[   24.194969] tun: (C) 1999-2004 Max Krasnyansky <maxk@qualcomm.com>
[   24.305788] PPP generic driver version 2.4.2
[   24.356413] ehci_hcd: USB 2.0 'Enhanced' Host Controller (EHCI) Driver
[   24.376537] ehci-pci: EHCI PCI platform driver
[   24.377654] ehci-platform: EHCI generic platform driver
[   24.378937] ohci_hcd: USB 1.1 'Open' Host Controller (OHCI) Driver
[   24.380524] ohci-pci: OHCI PCI platform driver
[   24.419410] ohci-platform: OHCI generic platform driver
[   24.443241] uhci_hcd: USB Universal Host Controller Interface driver
[   24.467336] i8042: PNP: PS/2 Controller [PNP0303:PS2K,PNP0f03:PS2M] at 0x60,0x64 irq 1,12
[   24.500017] serio: i8042 KBD port at 0x60,0x64 irq 1
[   24.520119] serio: i8042 AUX port at 0x60,0x64 irq 12
[   24.521484] mousedev: PS/2 mouse device common for all mice
[   24.523310] rtc_cmos rtc_cmos: rtc core: registered rtc_cmos as rtc0
[   24.525069] rtc_cmos rtc_cmos: alarms up to one day, 114 bytes nvram
[   24.533527] input: AT Translated Set 2 keyboard as /devices/platform/i8042/serio0/input/input2
[   24.544310] i2c /dev entries driver
[   24.545464] device-mapper: uevent: version 1.0.3
[   24.548029] device-mapper: ioctl: 4.34.0-ioctl (2015-10-28) initialised: dm-devel@redhat.com
[   24.565040] ledtrig-cpu: registered to indicate activity on CPUs
[   24.574120] NET: Registered protocol family 10
[   24.581233] NET: Registered protocol family 17
[   24.586844] Key type dns_resolver registered
[   24.594576] registered taskstats version 1
[   24.600104] Loading compiled-in X.509 certificates
[   24.610244] Loaded X.509 cert 'Build time autogenerated kernel key: 20acc96b50ca7641011eace69d32209215a9b56f'
[   24.621262] zswap: loaded using pool lzo/zbud
[   24.678572] Key type trusted registered
[   24.736000] Key type encrypted registered
[   24.757165] AppArmor: AppArmor sha1 policy hashing enabled
[   24.771578] ima: No TPM chip found, activating TPM-bypass!
[   24.837155] ima: Allocated hash algorithm: sha1
[   24.882907] evm: HMAC attrs: 0x1
[   24.931798]   Magic number: 6:780:291
[   25.010195] tty tty24: hash matches
[   25.011646] rtc_cmos rtc_cmos: setting system clock to 2018-10-15 18:15:14 UTC (1539627314)
[   25.014072] BIOS EDD facility v0.16 2004-Jun-25, 0 devices found
[   25.023066] EDD information not available.
[   25.078650] Freeing unused kernel memory: 1528K
[   25.166073] Write protecting the kernel read-only data: 14336k
[   25.282364] Freeing unused kernel memory: 1672K
[   25.342716] Freeing unused kernel memory: 92K
Loading, please wait...
[   25.391468] random: systemd-udevd: uninitialized urandom read (16 bytes read, 5 bits of entropy available)
starting version[   25.392150] random: udevadm: uninitialized urandom read (16 bytes read, 5 bits of entropy available)
 229
[   25.392172] random: udevadm: uninitialized urandom read (16 bytes read, 5 bits of entropy available)
[   25.400349] random: udevadm: uninitialized urandom read (16 bytes read, 5 bits of entropy available)
[   25.400397] random: udevadm: uninitialized urandom read (16 bytes read, 5 bits of entropy available)
[   25.400536] random: udevadm: uninitialized urandom read (16 bytes read, 5 bits of entropy available)
[   25.400587] random: udevadm: uninitialized urandom read (16 bytes read, 5 bits of entropy available)
[   25.400636] random: udevadm: uninitialized urandom read (16 bytes read, 5 bits of entropy available)
[   25.400683] random: udevadm: uninitialized urandom read (16 bytes read, 5 bits of entropy available)
[   25.400731] random: udevadm: uninitialized urandom read (16 bytes read, 5 bits of entropy available)
[   25.749088] e1000: Intel(R) PRO/1000 Network Driver - version 7.3.21-k8-NAPI
[   25.771134] e1000: Copyright (c) 1999-2006 Intel Corporation.
[   25.787720] Fusion MPT base driver 3.04.20
[   25.795972] Copyright (c) 1999-2008 LSI Corporation
[   25.812505] AVX2 version of gcm_enc/dec engaged.
[   25.819105] AES CTR mode by8 optimization enabled
[   25.834008] Fusion MPT SPI Host driver 3.04.20
[   25.985675] input: ImExPS/2 Generic Explorer Mouse as /devices/platform/i8042/serio1/input/input4
[   26.155974] e1000 0000:00:03.0 eth0: (PCI:33MHz:32-bit) 02:28:89:27:00:51
[   26.222618] e1000 0000:00:03.0 eth0: Intel(R) PRO/1000 Network Connection
[   26.307801] e1000 0000:00:03.0 enp0s3: renamed from eth0
[   26.416132] mptbase: ioc0: Initiating bringup
[   26.530143] ioc0: LSI53C1030 A0: Capabilities={Initiator}
[   26.824226] scsi host2: ioc0: LSI53C1030 A0, FwRev=00000000h, Ports=1, MaxQ=256, IRQ=20
[   26.955029] scsi 2:0:0:0: Direct-Access     VBOX     HARDDISK         1.0  PQ: 0 ANSI: 5
[   27.046406] scsi target2:0:0: Beginning Domain Validation
[   27.106093] scsi target2:0:0: Domain Validation skipping write tests
[   28.268466] scsi target2:0:0: Ending Domain Validation
[   28.314247] scsi target2:0:0: asynchronous
[   28.365121] scsi 2:0:1:0: Direct-Access     VBOX     HARDDISK         1.0  PQ: 0 ANSI: 5
[   28.388126] scsi target2:0:1: Beginning Domain Validation
[   28.391458] scsi target2:0:1: Domain Validation skipping write tests
[   29.276406] scsi target2:0:1: Ending Domain Validation
[   29.331266] scsi target2:0:1: asynchronous
[   29.421952] sd 2:0:0:0: [sda] 20971520 512-byte logical blocks: (10.7 GB/10.0 GiB)
[   29.422005] sd 2:0:0:0: Attached scsi generic sg0 type 0
[   29.427366] sd 2:0:1:0: Attached scsi generic sg1 type 0
[   29.430514] sd 2:0:1:0: [sdb] 20480 512-byte logical blocks: (10.5 MB/10.0 MiB)
[   29.430637] sd 2:0:0:0: [sda] Write Protect is off
[   29.430800] sd 2:0:0:0: [sda] Incomplete mode parameter data
[   29.430802] sd 2:0:0:0: [sda] Assuming drive cache: write through
[   29.561304]  sda: sda1
[   29.562509] sd 2:0:0:0: [sda] Attached SCSI disk
[   29.855893] sd 2:0:1:0: [sdb] Write Protect is off
[   29.901452] sd 2:0:1:0: [sdb] Incomplete mode parameter data
[   29.986273] sd 2:0:1:0: [sdb] Assuming drive cache: write through
[   30.055417] sd 2:0:1:0: [sdb] Attached SCSI disk
Begin: Loading e[   31.491552] md: linear personality registered for level -1
ssential drivers[   31.551387] md: multipath personality registered for level -4
 ... [   31.669500] md: raid0 personality registered for level 0
[   31.737716] md: raid1 personality registered for level 1
[   31.933984] raid6: sse2x1   gen()  8322 MB/s
[   32.030285] raid6: sse2x1   xor()  5727 MB/s
[   32.125979] raid6: sse2x2   gen() 11001 MB/s
[   32.249786] raid6: sse2x2   xor()  7059 MB/s
[   32.365852] raid6: sse2x4   gen()  9261 MB/s
[   32.473765] raid6: sse2x4   xor()  7835 MB/s
[   32.581864] raid6: avx2x1   gen() 17472 MB/s
[   32.701975] raid6: avx2x2   gen() 20088 MB/s
[   32.797881] raid6: avx2x4   gen() 20256 MB/s
[   32.838325] raid6: using algorithm avx2x4 gen() 20256 MB/s
[   32.902571] raid6: using avx2x2 recovery algorithm
[   32.936718] xor: automatically using best checksumming function:
[   33.086182]    avx       : 37194.000 MB/sec
[   33.148464] async_tx: api initialized (async)
[   33.204431] md: raid6 personality registered for level 6
[   33.256180] md: raid5 personality registered for level 5
[   33.310611] md: raid4 personality registered for level 4
[   33.355933] md: raid10 personality registered for level 10
done.
Begin: Running /scripts/init-premount ... done.
Begin: Mounting root file sys[   33.450983] Btrfs loaded
tem ... Begin: Running /scripts/local-top ... done.
Begin: Running /scripts/local-premount ... Scanning for Btrfs filesystems
done.
Warning: fsck not present, so sk[   33.542822] EXT4-fs (sda1): mounted filesystem with ordered data mode. Opts: (null)
ipping root file system
done.
Begin: Running /scripts/local-bottom ... done.
Begin: Running /scripts/init-bottom ... done.
[   33.661453] systemd[1]: systemd 229 running in system mode. (+PAM +AUDIT +SELINUX +IMA +APPARMOR +SMACK +SYSVINIT +UTMP +LIBCRYPTSETUP +GCRYPT +GNUTLS +ACL +XZ -LZ4 +SECCOMP +BLKID +ELFUTILS +KMOD -IDN)
[   33.967064] systemd[1]: Detected virtualization oracle.
[   34.048588] systemd[1]: Detected architecture x86-64.

Welcome to [1mUbuntu 16.04.5 LTS[0m!

[   34.123178] systemd[1]: Set hostname to <ubuntu>.
[   34.179112] systemd[1]: Initializing machine ID from random generator.
[   34.205779] systemd[1]: Installed transient /etc/machine-id file.
[   4.488970] systemd[1]: Started Trigger resolvconf update for networkd DNS.
[[0;32m  OK  [0m] Started Trigger resolvconf update for networkd DNS.
[  4.531425] ysmd]:eaedart ap

[[0;32m  OK  [0m] Reached target Swap.
[ 351065sytemd[1]: Listeinonevce-mapper entaeon FFO.
[   5.687] nd: nbckng pool isinialid [[0;32m  OK  [0m] Listening on Device-mapper event daemon FIFOs.
[   36.31520syem1]: Creat sic UerndSesin lie.
[[0;32m  OK  [0m] Created slice User and Session Slice.
[ 3694283] sstd[: acd tageEnypd lus.
[[0;32m  OK  [0m] Reached target Encrypted Volumes.
[ 37861]ystemd[1]: Listening on /dev/initctl Compatbiltyamd Pipe.

[[0;32m  OK  [0m] Listening on /dev/initctl Compatibility Named Pipe.
[   38.041081] systemd[1]: Listening on udev Kernel Socket.
[[0;32m  OK  [0m] Listening on udev Kernel Socket.
[   8.07] stmd[1: stinon ude Ctrol Socket.

[[0;32m  OK  [0m] Listening on udev Control Socket.
[   38.62659] ysmd1]StteFoarPassword Requests to llDicty tch.
[[0;32m  OK  [0m] Started Forward Password Requests to Wall Directory Watch.
[ 39.410487] systemd[]:isning onJonaSoet/d/l).
[[0;32m  OK  [0m] Listening on Journal Socket (/dev/log).
[ 40.08604]syemd[]:Litengn slog Ske
[[0;32m  OK  [0m] Listening on Syslog Socket.
[ 40465]ysem1]Liening on LVM2 poll aeonoct.

[[0;32m  OK  [0m] Listening on LVM2 poll daemon socket.
[   4.373 sstemd[1]:Seuputomoun Aitryxetae Fie ortsFile SystemAumot in
[[0;32m  OK  [0m] Set up automount Arbitrary Executab...ats File System Automount Point.
[  423744] systemd1]Rehed target User and Group Name Lookups.
[[0;32m  OK  [0m] Reached target User and Group Name Lookups.
[ 4268318]sytemd[1]: Reached aretysm Tie Synchronized.

[[0;32m  OK  [0m] Reached target System Time Synchronized.
[   43.102876] systemd[1]: Listening on Journal Socket.
[[0;32m  OK  [0m] Listening on Journal Socket.
[   43.120485] systemd[1]: Listening on LVM2 metadata daemon socket.
[[0;32m  OK  [0m] Listening on LVM2 metadata daemon socket.
[ 4386879 sted[]: Listening on Journal Audit Socket.

[[0;32m  OK  [0m] Listening on Journal Audit Socket.
[   43.466830] systemd[1]: Created slice System Slice.
[[0;32m  OK  [0m] Created slice System Slice.
[   43.498395] systemd[1]: Starting Nameserver information manager...
         Starting Nameserver information manager...
[   43.562572] systemd[1]: Starting Monitoring of LVM2 mirrors, snapshots etc. using dmeventd or progress polling...
         Starting Monitoring of LVM2 mirrors... dmeventd or progress polling...
[   44.078499] systemd[1]: Starting Set console keymap...
         Starting Set console keymap...
[   44.170484] systemd[1]: Starting Remount Root and Kernel File Systems...
         [   44.239025] EXT4-fs (sda1): re-mounted. Opts: (null)
Starting Remount Root and Kernel File Systems...
[ 44.328 systemd[1: eahed trget Sic.
[[0;32m  OK  [0m] Reached target Slices.
[   44.786559] systemd[1]: Starting Uncomplicated firewall...
         Starting Uncomplicated firewall...
[   44.926216] systemd[1]: Starting Create list of required static device nodes for the current kernel...
         Starting Create list of required st... nodes for the current kernel...
[   45.074328] systemd[1]: Starting Load Kernel Modules...
         Starting Load Kernel Modules...
[   45.121370] Loading iSCSI transport class v2.0-870.
[   45.121773] systemd[1]: Created slice system-serial\x2dgetty.slice.
[[0;32m  OK  [0m] Created slice system-serial\x2dgetty.slice.
[   45.262485] systemd[1]: Mounting Huge Pages File System...
[   45.277509] iscsi: registered transport (tcp)
         Mounting Huge Pa[   45.358097] iscsi: registered transport (iser)
ges File System...
[   45.438427] systemd[1]: Mounting Debug File System...
         Mounting Debug File System...
[   45.530581] systemd[1]: Starting Journal Service...
         Starting Journal Service...
[   45.585316] systemd[1]: Mounting POSIX Message Queue File System...
         Mounting POSIX Message Queue File System...
[   46.057395]syem1]Mote DebuFi Stem.
[[0;32m  OK  [0m] Mounted Debug File System.
[ 46534974] ysmd]: Mounted POSIX Message Queue File System.
[[0;32m  OK  [0m] Mounted POSIX Message Queue File System.
[   7.25] ysted[: ounted Huge Pages FileSyem
[[0;32m  OK  [0m] Mounted Huge Pages File System.
[  4.681 stemd1]: Started Journal Service.
[[0;32m  OK  [0m ] Started Journal Service.
[[0;32m  OK  [0m] Started Set console keymap.
[[0;32m  OK  [0m] Started Remount Root and Kernel File Systems.
[[0;32m  OK  [0m] Started Uncomplicated firewall.
[[0;32m  OK  [0m] Started Create list of required sta...ce nodes for the current kernel.
[[0;32m  OK  [0m] Started Load Kernel Modules.
[[0;32m  OK  [0m] Started Nameserver information manager.
[[0;32m  OK  [0m] Started LVM2 metadata daemon.
         Mounting FUSE Control File System...
         Starting Apply Kernel Variables...
         Starting Create Static Device Nodes in /dev...
         Starting udev Coldplug all Devices...
         Starting Load/Save Random Seed...
         Starting Flush Journal to Persistent Storage...
[[0;32m  OK  [0m] Mounted FUSE Control File System.
[[0;32m  OK  [0m] Started Monitoring of LVM2 mirrors,...ng dmeventd or progress polling.
[[0;32m  OK  [0m] Started Apply Kernel Variables.
[[0;32m  OK  [0m] Started Create Static Device Nodes in /dev.
[[0;32m  OK  [0m] Started Load/Save Random Seed.
[[0;32m  OK  [0m] Started udev Coldplug all Devices.
[[0;32m  OK  [0m] Started Flush Journal to Persistent Storage.
         Starting udev Kernel Device Manager...
[[0;32m  OK  [0m] Started udev Kernel Device Manager.
[[0;32m  OK  [0m] Reached target Local File Systems (Pre).
[[0;32m  OK  [0m] Reached target Local File Systems.
         Starting Commit a transient machine-id on disk...
         Starting Create Volatile Files and Directories...
         Starting Tell Plymouth To Write Out Runtime Data...
         Starting Initial cloud-init job (pre-networking)...
         Starting LSB: AppArmor initialization...
         Starting Set console font and keymap...
[[0;32m  OK  [0m] Started Dispatch Password Requests to Console Directory Watch.
[[0;32m  OK  [0m] Started Commit a transient machine-id on disk.
[[0;32m  OK  [0m] Started Create Volatile Files and Directories.
[[0;32m  OK  [0m] Started Tell Plymouth To Write Out Runtime Data.
[[0;32m  OK  [0m] Found device /dev/ttyS0.
[[0;32m  OK  [0m] Listening on Load/Save RF Kill Switch Status /dev/rfkill Watch.
         Starting Update UTMP about System Boot/Shutdown...
[[0;32m  OK  [0m] Started Update UTMP about System Boot/Shutdown.
[[0;32m  OK  [0m] Started Set console font and keymap.
[[0;32m  OK  [0m] Created slice system-getty.slice.
[   35.209876] cloud-init[512]: Cloud-init v. 18.3-9-g2e62cb8a-0ubuntu1~16.04.2 running 'init-local' at Mon, 15 Oct 2018 18:15:39 +0000. Up 34.67 seconds.
[[0;32m  OK  [0m] Started Initial cloud-init job (pre-networking).
[[0;32m  OK  [0m] Started LSB: AppArmor initialization.
[[0;32m  OK  [0m] Reached target Network (Pre).
         Starting Raise network interfaces...
[[0;32m  OK  [0m] Started Raise network interfaces.
         Starting Initial cloud-init job (metadata service crawler)...
[[0;32m  OK  [0m] Reached target Network.
[   37.443984] cloud-init[925]: Cloud-init v. 18.3-9-g2e62cb8a-0ubuntu1~16.04.2 running 'init' at Mon, 15 Oct 2018 18:15:41 +0000. Up 36.38 seconds.
[[0;32m  OK  [0m] Started Initial cloud-init job (metadata service crawler).
[[   37.546766] cloud-init[925]: ci-info: +++++++++++++++++++++++++++++++++++++Net device info+++++++++++++++++++++++++++++++++++++
[   37.615387] cloud-init[925]: ci-info: +--------+------+--------------------------+---------------+--------+-------------------+
[   37.615762] cloud-init[925]: ci-info: | Device |  Up  |         Address          |      Mask     | Scope  |     Hw-Address    |
[0;32m  OK  [0m] Reached target Cloud-config availability.
[[   37.616073] cloud-init[925]: ci-info: +--------+------+--------------------------+---------------+--------+-------------------+
[   37.918054] cloud-init[925]: ci-info: | enp0s3 | True |        10.0.2.15         | 255.255.255.0 | global | 02:28:89:27:00:51 |
[0;32m  OK  [0m] Reached target System Initialization.
[   37.919924] cloud-init[925]: ci-info: | enp0s3 | True | fe80::28:89ff:fe27:51/64 |       .       |  link  | 02:28:89:27:00:51 |
[   38.173112] cloud-init[925]: ci-info: |   lo   | True |        127.0.0.1         |   255.0.0.0   |  host  |         .         |
[   38.173821] cloud-init[925]: ci-info: |   lo   | True |         ::1/128          |       .       |  host  |         .         |
[[0;32m  OK  [0m] Started ACPI Events Check.
[[   38.174421] cloud-init[925]: ci-info: +--------+------+--------------------------+---------------+--------+-------------------+
[   38.466535] cloud-init[925]: ci-info: +++++++++++++++++++++++++++Route IPv4 info++++++++++++++++++++++++++++
[   38.466922] cloud-init[925]: ci-info: +-------+-------------+----------+---------------+-----------+-------+
[0;32m  OK  [0m] Reached target Paths.
[[   38.467982] cloud-init[925]: ci-info: | Route | Destination | Gateway  |    Genmask    | Interface | Flags |
[   38.683683] cloud-init[925]: ci-info: +-------+-------------+----------+---------------+-----------+-------+
[0;32m  OK  [0m] Listening on ACPID Listen Socket.
[[   38.683795] cloud-init[925]: ci-info: |   0   |   0.0.0.0   | 10.0.2.2 |    0.0.0.0    |   enp0s3  |   UG  |
[   38.950264] cloud-init[925]: ci-info: |   1   |   10.0.2.0  | 0.0.0.0  | 255.255.255.0 |   enp0s3  |   U   |
[   38.950529] cloud-init[925]: ci-info: +-------+-------------+----------+---------------+-----------+-------+
[   38.950821] [0;32m  OK  [0mcloud-init] [925]: Listening on D-Bus System Message Bus Socket.ci-info: +++++++++++++++++++Route IPv6 info+++++++++++++++++++

[   39.260872] cloud-init[925]: ci-info: +-------+-------------+---------+-----------+-------+
[   39.261435] cloud-init[925]: ci-info: | Route | Destination | Gateway | Interface | Flags |
[[0;32m  OK  [0m] Started Daily apt download activities.
[[   39.261661] cloud-init[925]: ci-info: +-------+-------------+---------+-----------+-------+
[   39.437546] cloud-init[925]: ci-info: |   0   |  fe80::/64  |    ::   |   enp0s3  |   U   |
[   39.437875] [0;32m  OK  [0mcloud-init] [925]: Started Daily apt upgrade and clean activities.ci-info: |   3   |   ff00::/8  |    ::   |   enp0s3  |   U   |

[   39.629413] cloud-init[925]: ci-info: +-------+-------------+---------+-----------+-------+
[   39.629999] cloud-init[925]: Generating public/private rsa key pair.
[[0;32m  OK  [0m] Listening on UUID daemon activation socket.
[   39.630259]          Starting LXD - unix socket.
         Starting Socket activation for snappy daemon.
[[0;32m  OK  [0m] Started Daily Cleanup of Temporary Directories.
[[0;32m  OK  [0m] Reached target Timers.
[[0;32m  OK  [0m] Reached target Network is Online.
cloud-init[925]: Your identification has been saved in /etc/ssh/ssh_host_rsa_key.
[   39.925171] cloud-init[925]: Your public key has been saved in /etc/ssh/ssh_host_rsa_key.pub.
[   39.925837] cloud-init[925]: The key fingerprint is:
         Starting iSCSI initiator daemon (iscsid)...
[   39.926355] cloud-init[925]: SHA256:UUn6FUf/YyMQyKfKX/epiFbqIUquArn3symOqdHP5EM root@ubuntu-xenial
[[   40.128884] cloud-init[925]: The key's randomart image is:
[   40.129713] cloud-init[925]: +---[RSA 2048]----+
[   40.129997] cloud-init[925]: |        ..+o..o  |
[   40.130263] cloud-init[925]: |         =...o . |
[0;32m  OK  [0m] Listening on LXD - unix socket.
[[   40.130780] cloud-init[925]: |        o o..   .|
[   40.321431] cloud-init[925]: |         + ..   .|
[0;32m  OK  [0m] Listening on Socket activation for snappy daemon.
[   40.321723] cloud-init[925]: | .    . S .  . +.|
[   40.460974] cloud-init[925]: |o.  E  o   o .o o|
[   40.500836] cloud-init[925]: |o..... ...+ . . .|
[   40.530075] cloud-init[925]: |.=o==.. .+o .  o |
[   40.542820] cloud-init[925]: |=oo+O*  oo . ..  |
[   40.546966] cloud-init[[0;32m  OK  [0m] Reached target Sockets.
[[0;32m  OK  [0m] Reached target Basic System.
[925]: +----[SHA256]-----+
[   40.597235] [cloud-init[0;32m  OK  [0m[925]: ] Generating public/private dsa key pair.Started FUSE filesystem for LXC.

[   40.598433] cloud-init[925]: Your identification has been saved in /etc/ssh/ssh_host_dsa_key.
[   40.728779]          cloud-initStarting LSB: Record successful boot for GRUB...[925]: 
Your public key has been saved in /etc/ssh/ssh_host_dsa_key.pub.
[   40.796830]          cloud-initStarting Accounts Service...[925]: 
The key fingerprint is:
[   40.811204] cloud-init[925]: SHA256:fF/Jc+GTggQ6kVAhumhyf4qRpbXVKW4s7pDj5Zf/YTY root@ubuntu-xenial
[   40.811542] cloud-init[925]: The key's randomart image is:
         Starting /etc/rc.local Compatibility...
[   40.811780] cloud-init[925]: +---[DSA 1024]----+
[   40.961191] cloud-init[925]: |     oo+o.       |
[   40.961707] cloud-init[925]: |    . ..o .      |
[[0;32m  OK  [0m] Started Deferred execution scheduler.
[   40.962059] cloud-init[925]: |   .   o   .   . |
[   41.117118] cloud-init[925]: |  . .  o... ....o|
[   41.118072] cloud-init[925]: |.o..o o S .. .=+.|
         Starting Login Service...
[   41.118443] cloud-init[925]: |o. B = . . . ..o.|
[   41.256594] cloud-init[925]: |  B = =.  E .    |
[   41.256971] cloud-init[925]: | . O =o  o o     |
         Starting System Logging Service...
[   41.257200] cloud-init[925]: |  o.=. ....      |
[   41.440652] cloud-init[925]: +----[SHA256]-----+
[   41.441256] cloud-init[925]: Generating public/private ecdsa key pair.
         Starting Virtualbox guest utils...
[   41.441653] cloud-init[925]: Your identification has been saved in /etc/ssh/ssh_host_ecdsa_key.
[   41.684593] cloud-init[925]: Your public key has been saved in /etc/ssh/ssh_host_ecdsa_key.pub.
         Starting Snappy daemon...
[[0;32m  OK  [0m] Started Unattended Upgrades Shutdown.
[   41.685488] cloud-init[925]: The key fingerprint is:
[   41.828511] [cloud-init[0;32m  OK  [0m[925]: ] SHA256:ipXX1UfxQQEZMNLcY4NVbS5I1skpVBYJ6jyhr5diCJ8 root@ubuntu-xenialStarted D-Bus System Message Bus.

[   41.829065] cloud-init[925]: The key's randomart image is:
[   41.900787] [cloud-init[0;32m  OK  [0m[925]: ] +---[ECDSA 256]---+Started ACPI event daemon.

[   41.901644] cloud-init[925]: |         .o+BOX@=|
[   41.983790] [cloud-init[0;32m  OK  [0m[925]: ] |          .==O*.=|Started Regular background program processing daemon.

[   41.984390] cloud-init[925]: |          oooo+oo|
[   42.064510]          cloud-initStarting Pollinate to seed the pseudo random number generator...[925]: 
|       . = o. ...|
[   42.136982]          cloud-initStarting LSB: MD monitoring daemon...[925]: 
|      o S =    . |
[   42.184644]          cloud-initStarting LXD - container startup/shutdown...[925]: 
|    .o o . .     |
[   42.185095] cloud-init[925]: |    .o.o  ..     |
[   42.278122] [cloud-init[0;32m  OK  [0m[925]: ] |      E o.o      |Started System Logging Service.

[[   42.278920] cloud-init[925]: |       ..o       |
[   42.321444] cloud-init[925]: +----[SHA256]-----+
[0;32m  OK  [0m] Started Snappy daemon.
[   42.321846] cloud-init[925]: Generating public/private ed25519 key pair.
[   42.425963] cloud-init[925]: Your identification has been saved in /etc/ssh/ssh_host_ed25519_key.
[   42.426289] cloud-init[925]: Your public key has been saved in /etc/ssh/ssh_host_ed25519_key.pub.
[[0;32m  OK  [0m] Started iSCSI initiator daemon (iscsid).
[[0;32m  OK  [0m] Started /etc/rc.local Compatibility.
[[0;32m  OK  [0m] Started Pollinate to seed the pseudo random number generator.
[[0;32m  OK  [0m] Started LXD - container startup/shutdown.
[   42.426505] cloud-init[925]: The key fingerprint is:
[   42.693673] cloud-init[925]: SHA256:YPnFTF4cSJlal61v0uaZdLbT3mrZzH5691mRIA2H61Y root@ubuntu-xenial
[   42.702022] cloud-init[925]: The key's randomart image is:
[   42.706262] cloud-init[925]: +--[ED25519 256]--+
[   42.764739] cloud-init[925]: |         .o*+=   |
[[0;32m  OK  [0m] Started LSB: Record successful boot for GRUB.
[   42.767889] cloud-init[925]: |       . ==oB .  |
[   42.876751] cloud-init[925]: |      +  o=o.+   |
[[   42.924334] cloud-init[925]: |     . o.. .oE. .|
[   42.924896] cloud-init[925]: |        S . .o o |
[0;32m  OK  [0m] Started Login Service.
[   42.925066] cloud-init[925]: |           o. * +|
[   43.027145] cloud-init[925]: |          .  * X+|
[   43.027576] cloud-init[925]: |              *o%|
[[0;32m  OK  [0m] Started Virtualbox guest utils.
[[   43.028635] cloud-init[925]: |             .oBX|
[   43.082542] cloud-init[925]: +----[SHA256]-----+
[0;32m  OK  [0m] Started LSB: MD monitoring daemon.
         Starting Authenticate and Authorize Users to Run Privileged Tasks...
         Starting OpenBSD Secure Shell server...
         Starting Login to default iSCSI targets...
         Starting Wait until snapd is fully seeded...
[[0;32m  OK  [0m] Started OpenBSD Secure Shell server.
[[0;32m  OK  [0m] Started Wait until snapd is fully seeded.
[[0;32m  OK  [0m] Started Authenticate and Authorize Users to Run Privileged Tasks.
[[0;32m  OK  [0m] Started Accounts Service.
         Starting Apply the settings specified in cloud-config...
[[0;32m  OK  [0m] Started Login to default iSCSI targets.
[[0;32m  OK  [0m] Reached target Remote File Systems (Pre).
[[0;32m  OK  [0m] Reached target Remote File Systems.
         Starting LSB: Set the CPU Frequency Scaling governor to "ondemand"...
         Starting Permit User Sessions...
         Starting LSB: automatic crash report generation...
         Starting LSB: daemon to balance interrupts for SMP systems...
[[0;32m  OK  [0m] Started Permit User Sessions.
[[0;32m  OK  [0m] Started LSB: Set the CPU Frequency Scaling governor to "ondemand".
[[0;32m  OK  [0m] Created slice User Slice of vagrant.
         Starting User Manager for UID 1000...
         Starting Terminate Plymouth Boot Screen...
[   44.233147] cloud-init[1193]: Generating locales (this might take a while)...
         Starting Hold until boot process finishes up...
[[0;32m  OK  [0m] Started User Manager for UID 1000.
[[0;32m  OK  [0m] Started LSB: automatic crash report generation.
[[0;32m  OK  [0m] Started Terminate Plymouth Boot Screen.
[[0;32m  OK  [0m] Started Hold until boot process finishes up.
[[0;32m  OK  [0m] Started Session 1 of user vagrant.
[[0;32m  OK  [0m] Started Getty on tty1.
[[0;32m  OK  [0m] Started Serial Getty on ttyS0.
[[0;32m  OK  [0m] Reached target Login Prompts.
         Starting Set console scheme...
[[0;32m  OK  [0m] Started LSB: daemon to balance interrupts for SMP systems.
[[0;32m  OK  [0m] Started Set console scheme.
[[0;32m  OK  [0m] Reached target Multi-User System.
[[0;32m  OK  [0m] Reached target Graphical Interface.
         Starting Update UTMP about System Runlevel Changes...
[[0;32m  OK  [0m] Started Update UTMP about System Runlevel Changes.
[   45.311632] cloud-init[1193]:   en_US.UTF-8... done
[   45.325216] cloud-init[1193]: Generation complete.
[   45.904668] cloud-init[1193]: Cloud-init v. 18.3-9-g2e62cb8a-0ubuntu1~16.04.2 running 'modules:config' at Mon, 15 Oct 2018 18:15:48 +0000. Up 44.03 seconds.
[[0;32m  OK  [0m] Started Apply the settings specified in cloud-config.
         Starting Execute cloud user/final scripts...
         Stopping User Manager for UID 1000...
[[0;32m  OK  [0m] Stopped User Manager for UID 1000.
[[0;32m  OK  [0m] Removed slice User Slice of vagrant.
[[0;32m  OK  [0m] Created slice User Slice of vagrant.
         Starting User Manager for UID 1000...
[[0;32m  OK  [0m] Started User Manager for UID 1000.
ci-info: no authorized ssh keys fingerprints found for user ubuntu.
[[0;32m  OK  [0m] Started Session 2 of user vagrant.
<14>Oct 15 18:15:51 ec2: 
<14>Oct 15 18:15:51 ec2: #############################################################
<14>Oct 15 18:15:51 ec2: -----BEGIN SSH HOST KEY FINGERPRINTS-----
<14>Oct 15 18:15:51 ec2: 1024 SHA256:fF/Jc+GTggQ6kVAhumhyf4qRpbXVKW4s7pDj5Zf/YTY root@ubuntu-xenial (DSA)
<14>Oct 15 18:15:51 ec2: 256 SHA256:ipXX1UfxQQEZMNLcY4NVbS5I1skpVBYJ6jyhr5diCJ8 root@ubuntu-xenial (ECDSA)
<14>Oct 15 18:15:51 ec2: 256 SHA256:YPnFTF4cSJlal61v0uaZdLbT3mrZzH5691mRIA2H61Y root@ubuntu-xenial (ED25519)
<14>Oct 15 18:15:51 ec2: 2048 SHA256:UUn6FUf/YyMQyKfKX/epiFbqIUquArn3symOqdHP5EM root@ubuntu-xenial (RSA)
<14>Oct 15 18:15:51 ec2: -----END SSH HOST KEY FINGERPRINTS-----
<14>Oct 15 18:15:51 ec2: #############################################################
-----BEGIN SSH HOST KEY KEYS-----
ecdsa-sha2-nistp256 AAAAE2VjZHNhLXNoYTItbmlzdHAyNTYAAAAIbmlzdHAyNTYAAABBBMxVjoNAcq2ZzE8BQvx78ff6s+HmpfTCJYKWEZR3phB6lzJ8GyG3uCGs9spYteDQlYz9EcoJirC3zc7874GAEds= root@ubuntu-xenial
ssh-ed25519 AAAAC3NzaC1lZDI1NTE5AAAAICou4yGsOLWr/mItj9ZwHIsrEW+3HS3xP2QVhvs6xnH3 root@ubuntu-xenial
ssh-rsa AAAAB3NzaC1yc2EAAAADAQABAAABAQDqG6gkXxcnpbsIWJTqCu0VA0qIfgpGYZX/dTNm0p7tVrtLEeqIKLrE13fUWAWAdtZQZ0xW/1d+vHUiYrv4E8wMjUYo3nh4KmQ30LVeJkN1utkZPUro0OF48Padstehl32Lx7nRUWc3AYxvgSM6fqfDZEgMhIrb5OdBccn6h/xsSRXp6NmAWZmbWnSUIiZs7bOKvF52SE1nYCldsqnUTDMPsx93uZt6OW9kgldps3J/cuIuqrBEFpydSTBdQ7x1Fk3qWKdFczcNS+HirfBOmgELmjiSsKwxy7RYoY6G8KcqF+yWAZPj160QRo2XSQTza0/dDtFBIK9+9xXnQ/7w3Q/P root@ubuntu-xenial
-----END SSH HOST KEY KEYS-----
[   47.322928] cloud-init[1451]: Cloud-init v. 18.3-9-g2e62cb8a-0ubuntu1~16.04.2 running 'modules:final' at Mon, 11 Oct 2018 18:15:51 +0000. Up 46.68 seconds.
[   47.395604] cloud-init[1451]: ci-info: no authorized ssh keys fingerprints found for user ubuntu.
[   47.396098] cloud-init[1451]: Cloud-init v. 18.3-9-g2e62cb8a-0ubuntu1~16.04.2 finished at Mon, 15 Oct 2018 18:15:52 +0000. Datasource DataSourceNoCloud [seed=/dev/sdb][dsmode=net].  Up 47.31 seconds
[[0;32m  OK  [0m] Started Execute cloud user/final scripts.
[[0;32m  OK  [0m] Reached target Cloud-init target.

Ubuntu 16.04.5 LTS ubuntu-xenial ttyS0

ubuntu-xenial login: 